<?xml version="1.0" encoding="UTF-8"?>
<testsuite xmlns:xsi="http://www.w3.org/2001/XMLSchema-instance" xsi:noNamespaceSchemaLocation="https://maven.apache.org/surefire/maven-surefire-plugin/xsd/surefire-test-report.xsd" name="com.itheima.dao.BookDaoTestCase" time="3.359" tests="8" errors="0" skipped="0" failures="0">
  <properties>
[...]
</properties>
  <testcase name="testAll" classname="com.itheima.dao.BookDaoTestCase" time="0.672"/>
  <testcase name="testGetById" classname="com.itheima.dao.BookDaoTestCase" time="0"/>
  <testcase name="testGetPage" classname="com.itheima.dao.BookDaoTestCase" time="0.046"/>
  <testcase name="testQueryByLambdaCondition" classname="com.itheima.dao.BookDaoTestCase" time="0.032"/>
  <testcase name="testDelete" classname="com.itheima.dao.BookDaoTestCase" time="0.015"/>
  <testcase name="testInsert" classname="com.itheima.dao.BookDaoTestCase" time="0.031"/>
  <testcase name="testUpdate" classname="com.itheima.dao.BookDaoTestCase" time="0"/>
  <testcase name="testQueryByCondition" classname="com.itheima.dao.BookDaoTestCase" time="0"/>
</testsuite>